[0.592s] Invoking command in '/home/developer/ARM_ws/src/firebot_arm_pkg': PYTHONPATH=/home/developer/ARM_ws/build/firebot_arm_pkg/prefix_override:/usr/lib/python3/dist-packages/colcon_core/task/python/colcon_distutils_commands:/home/developer/ARM_ws/install/firebot_arm_pkg/lib/python3.10/site-packages:${PYTHONPATH} /usr/bin/python3 -W ignore:setup.py install is deprecated setup.py egg_info --egg-base ../../build/firebot_arm_pkg build --build-base /home/developer/ARM_ws/build/firebot_arm_pkg/build install --record /home/developer/ARM_ws/build/firebot_arm_pkg/install.log --single-version-externally-managed install_data
[0.784s] running egg_info
[0.785s] creating ../../build/firebot_arm_pkg/firebot_arm_pkg.egg-info
[0.785s] writing ../../build/firebot_arm_pkg/firebot_arm_pkg.egg-info/PKG-INFO
[0.785s] writing dependency_links to ../../build/firebot_arm_pkg/firebot_arm_pkg.egg-info/dependency_links.txt
[0.785s] writing entry points to ../../build/firebot_arm_pkg/firebot_arm_pkg.egg-info/entry_points.txt
[0.785s] writing requirements to ../../build/firebot_arm_pkg/firebot_arm_pkg.egg-info/requires.txt
[0.785s] writing top-level names to ../../build/firebot_arm_pkg/firebot_arm_pkg.egg-info/top_level.txt
[0.785s] writing manifest file '../../build/firebot_arm_pkg/firebot_arm_pkg.egg-info/SOURCES.txt'
[0.787s] reading manifest file '../../build/firebot_arm_pkg/firebot_arm_pkg.egg-info/SOURCES.txt'
[0.788s] writing manifest file '../../build/firebot_arm_pkg/firebot_arm_pkg.egg-info/SOURCES.txt'
[0.788s] running build
[0.788s] running build_scripts
[0.788s] creating /home/developer/ARM_ws/build/firebot_arm_pkg/build
[0.788s] creating /home/developer/ARM_ws/build/firebot_arm_pkg/build/scripts-3.10
[0.789s] copying scripts/direct_kinematics.py -> /home/developer/ARM_ws/build/firebot_arm_pkg/build/scripts-3.10
[0.789s] copying scripts/inverse_kinematics.py -> /home/developer/ARM_ws/build/firebot_arm_pkg/build/scripts-3.10
[0.789s] changing mode of /home/developer/ARM_ws/build/firebot_arm_pkg/build/scripts-3.10/direct_kinematics.py from 644 to 755
[0.789s] changing mode of /home/developer/ARM_ws/build/firebot_arm_pkg/build/scripts-3.10/inverse_kinematics.py from 644 to 755
[0.789s] running install
[0.789s] running install_data
[0.790s] creating /home/developer/ARM_ws/install/firebot_arm_pkg/share/ament_index
[0.790s] creating /home/developer/ARM_ws/install/firebot_arm_pkg/share/ament_index/resource_index
[0.790s] creating /home/developer/ARM_ws/install/firebot_arm_pkg/share/ament_index/resource_index/packages
[0.790s] copying resource/firebot_arm_pkg -> /home/developer/ARM_ws/install/firebot_arm_pkg/share/ament_index/resource_index/packages
[0.790s] copying package.xml -> /home/developer/ARM_ws/install/firebot_arm_pkg/share/firebot_arm_pkg
[0.790s] creating /home/developer/ARM_ws/install/firebot_arm_pkg/share/firebot_arm_pkg/launch
[0.790s] copying launch/display.launch.py -> /home/developer/ARM_ws/install/firebot_arm_pkg/share/firebot_arm_pkg/launch
[0.790s] copying launch/gazebo.launch.py -> /home/developer/ARM_ws/install/firebot_arm_pkg/share/firebot_arm_pkg/launch
[0.790s] copying launch/controller.launch.py -> /home/developer/ARM_ws/install/firebot_arm_pkg/share/firebot_arm_pkg/launch
[0.791s] creating /home/developer/ARM_ws/install/firebot_arm_pkg/share/firebot_arm_pkg/config
[0.791s] copying config/display.rviz -> /home/developer/ARM_ws/install/firebot_arm_pkg/share/firebot_arm_pkg/config
[0.791s] copying config/controllers.yaml -> /home/developer/ARM_ws/install/firebot_arm_pkg/share/firebot_arm_pkg/config
[0.791s] creating /home/developer/ARM_ws/install/firebot_arm_pkg/share/firebot_arm_pkg/urdf
[0.791s] copying urdf/montagem.xacro -> /home/developer/ARM_ws/install/firebot_arm_pkg/share/firebot_arm_pkg/urdf
[0.791s] copying urdf/montagem.trans -> /home/developer/ARM_ws/install/firebot_arm_pkg/share/firebot_arm_pkg/urdf
[0.792s] copying urdf/montagem.gazebo -> /home/developer/ARM_ws/install/firebot_arm_pkg/share/firebot_arm_pkg/urdf
[0.792s] copying urdf/materials.xacro -> /home/developer/ARM_ws/install/firebot_arm_pkg/share/firebot_arm_pkg/urdf
[0.792s] copying urdf/montagem.control.xacro -> /home/developer/ARM_ws/install/firebot_arm_pkg/share/firebot_arm_pkg/urdf
[0.792s] creating /home/developer/ARM_ws/install/firebot_arm_pkg/share/firebot_arm_pkg/meshes
[0.792s] copying meshes/base_link.stl -> /home/developer/ARM_ws/install/firebot_arm_pkg/share/firebot_arm_pkg/meshes
[0.793s] copying meshes/linkvertical1_1.stl -> /home/developer/ARM_ws/install/firebot_arm_pkg/share/firebot_arm_pkg/meshes
[0.793s] copying meshes/linkhorizontal1_1.stl -> /home/developer/ARM_ws/install/firebot_arm_pkg/share/firebot_arm_pkg/meshes
[0.794s] copying meshes/linkvertical2_1.stl -> /home/developer/ARM_ws/install/firebot_arm_pkg/share/firebot_arm_pkg/meshes
[0.794s] running install_egg_info
[0.796s] Copying ../../build/firebot_arm_pkg/firebot_arm_pkg.egg-info to /home/developer/ARM_ws/install/firebot_arm_pkg/lib/python3.10/site-packages/firebot_arm_pkg-0.0.1-py3.10.egg-info
[0.797s] running install_scripts
[0.813s] creating /home/developer/ARM_ws/install/firebot_arm_pkg/lib/firebot_arm_pkg
[0.814s] copying /home/developer/ARM_ws/build/firebot_arm_pkg/build/scripts-3.10/direct_kinematics.py -> /home/developer/ARM_ws/install/firebot_arm_pkg/lib/firebot_arm_pkg
[0.814s] copying /home/developer/ARM_ws/build/firebot_arm_pkg/build/scripts-3.10/inverse_kinematics.py -> /home/developer/ARM_ws/install/firebot_arm_pkg/lib/firebot_arm_pkg
[0.814s] changing mode of /home/developer/ARM_ws/install/firebot_arm_pkg/lib/firebot_arm_pkg/direct_kinematics.py to 755
[0.814s] changing mode of /home/developer/ARM_ws/install/firebot_arm_pkg/lib/firebot_arm_pkg/inverse_kinematics.py to 755
[0.815s] Installing direct_kinematics script to /home/developer/ARM_ws/install/firebot_arm_pkg/lib/firebot_arm_pkg
[0.815s] Installing inverse_kinematics script to /home/developer/ARM_ws/install/firebot_arm_pkg/lib/firebot_arm_pkg
[0.815s] writing list of installed files to '/home/developer/ARM_ws/build/firebot_arm_pkg/install.log'
[0.836s] Invoked command in '/home/developer/ARM_ws/src/firebot_arm_pkg' returned '0': PYTHONPATH=/home/developer/ARM_ws/build/firebot_arm_pkg/prefix_override:/usr/lib/python3/dist-packages/colcon_core/task/python/colcon_distutils_commands:/home/developer/ARM_ws/install/firebot_arm_pkg/lib/python3.10/site-packages:${PYTHONPATH} /usr/bin/python3 -W ignore:setup.py install is deprecated setup.py egg_info --egg-base ../../build/firebot_arm_pkg build --build-base /home/developer/ARM_ws/build/firebot_arm_pkg/build install --record /home/developer/ARM_ws/build/firebot_arm_pkg/install.log --single-version-externally-managed install_data
