/home/developer/ARM_ws/install/firebot_arm_pkg/share/ament_index/resource_index/packages/firebot_arm_pkg
/home/developer/ARM_ws/install/firebot_arm_pkg/share/firebot_arm_pkg/package.xml
/home/developer/ARM_ws/install/firebot_arm_pkg/share/firebot_arm_pkg/launch/display.launch.py
/home/developer/ARM_ws/install/firebot_arm_pkg/share/firebot_arm_pkg/launch/gazebo.launch.py
/home/developer/ARM_ws/install/firebot_arm_pkg/share/firebot_arm_pkg/config/display.rviz
/home/developer/ARM_ws/install/firebot_arm_pkg/share/firebot_arm_pkg/config/controllers.yaml
/home/developer/ARM_ws/install/firebot_arm_pkg/share/firebot_arm_pkg/urdf/montagem.xacro
/home/developer/ARM_ws/install/firebot_arm_pkg/share/firebot_arm_pkg/urdf/montagem.trans
/home/developer/ARM_ws/install/firebot_arm_pkg/share/firebot_arm_pkg/urdf/montagem.gazebo
/home/developer/ARM_ws/install/firebot_arm_pkg/share/firebot_arm_pkg/urdf/materials.xacro
/home/developer/ARM_ws/install/firebot_arm_pkg/share/firebot_arm_pkg/urdf/montagem.control.xacro
/home/developer/ARM_ws/install/firebot_arm_pkg/share/firebot_arm_pkg/meshes/base_link.stl
/home/developer/ARM_ws/install/firebot_arm_pkg/share/firebot_arm_pkg/meshes/linkvertical1_1.stl
/home/developer/ARM_ws/install/firebot_arm_pkg/share/firebot_arm_pkg/meshes/linkhorizontal1_1.stl
/home/developer/ARM_ws/install/firebot_arm_pkg/share/firebot_arm_pkg/meshes/linkvertical2_1.stl
/home/developer/ARM_ws/install/firebot_arm_pkg/lib/python3.10/site-packages/firebot_arm_pkg-0.0.1-py3.10.egg-info/PKG-INFO
/home/developer/ARM_ws/install/firebot_arm_pkg/lib/python3.10/site-packages/firebot_arm_pkg-0.0.1-py3.10.egg-info/entry_points.txt
/home/developer/ARM_ws/install/firebot_arm_pkg/lib/python3.10/site-packages/firebot_arm_pkg-0.0.1-py3.10.egg-info/SOURCES.txt
/home/developer/ARM_ws/install/firebot_arm_pkg/lib/python3.10/site-packages/firebot_arm_pkg-0.0.1-py3.10.egg-info/requires.txt
/home/developer/ARM_ws/install/firebot_arm_pkg/lib/python3.10/site-packages/firebot_arm_pkg-0.0.1-py3.10.egg-info/zip-safe
/home/developer/ARM_ws/install/firebot_arm_pkg/lib/python3.10/site-packages/firebot_arm_pkg-0.0.1-py3.10.egg-info/dependency_links.txt
/home/developer/ARM_ws/install/firebot_arm_pkg/lib/python3.10/site-packages/firebot_arm_pkg-0.0.1-py3.10.egg-info/top_level.txt
/home/developer/ARM_ws/install/firebot_arm_pkg/lib/firebot_arm_pkg/direct_kinematics.py
/home/developer/ARM_ws/install/firebot_arm_pkg/lib/firebot_arm_pkg/inverse_kinematics.py
/home/developer/ARM_ws/install/firebot_arm_pkg/lib/firebot_arm_pkg/direct_kinematics
/home/developer/ARM_ws/install/firebot_arm_pkg/lib/firebot_arm_pkg/inverse_kinematics
