running develop
running egg_info
writing firebot_arm_pkg.egg-info/PKG-INFO
writing dependency_links to firebot_arm_pkg.egg-info/dependency_links.txt
writing entry points to firebot_arm_pkg.egg-info/entry_points.txt
writing requirements to firebot_arm_pkg.egg-info/requires.txt
writing top-level names to firebot_arm_pkg.egg-info/top_level.txt
reading manifest file 'firebot_arm_pkg.egg-info/SOURCES.txt'
writing manifest file 'firebot_arm_pkg.egg-info/SOURCES.txt'
running build_ext
Creating /home/developer/ARM_ws/install/firebot_arm_pkg/lib/python3.10/site-packages/firebot-arm-pkg.egg-link (link to .)
Installing direct_kinematics script to /home/developer/ARM_ws/install/firebot_arm_pkg/lib/firebot_arm_pkg
Installing inverse_kinematics script to /home/developer/ARM_ws/install/firebot_arm_pkg/lib/firebot_arm_pkg
Installing direct_kinematics.py script to /home/developer/ARM_ws/install/firebot_arm_pkg/lib/firebot_arm_pkg
Installing inverse_kinematics.py script to /home/developer/ARM_ws/install/firebot_arm_pkg/lib/firebot_arm_pkg

Installed /home/developer/ARM_ws/build/firebot_arm_pkg
running symlink_data
symbolically linking /home/developer/ARM_ws/build/firebot_arm_pkg/resource/firebot_arm_pkg -> /home/developer/ARM_ws/install/firebot_arm_pkg/share/ament_index/resource_index/packages
symbolically linking /home/developer/ARM_ws/build/firebot_arm_pkg/package.xml -> /home/developer/ARM_ws/install/firebot_arm_pkg/share/firebot_arm_pkg
symbolically linking /home/developer/ARM_ws/build/firebot_arm_pkg/launch/display.launch.py -> /home/developer/ARM_ws/install/firebot_arm_pkg/share/firebot_arm_pkg/launch
symbolically linking /home/developer/ARM_ws/build/firebot_arm_pkg/launch/gazebo.launch.py -> /home/developer/ARM_ws/install/firebot_arm_pkg/share/firebot_arm_pkg/launch
symbolically linking /home/developer/ARM_ws/build/firebot_arm_pkg/launch/controller.launch.py -> /home/developer/ARM_ws/install/firebot_arm_pkg/share/firebot_arm_pkg/launch
symbolically linking /home/developer/ARM_ws/build/firebot_arm_pkg/config/display.rviz -> /home/developer/ARM_ws/install/firebot_arm_pkg/share/firebot_arm_pkg/config
symbolically linking /home/developer/ARM_ws/build/firebot_arm_pkg/config/controllers.yaml -> /home/developer/ARM_ws/install/firebot_arm_pkg/share/firebot_arm_pkg/config
symbolically linking /home/developer/ARM_ws/build/firebot_arm_pkg/urdf/montagem.xacro -> /home/developer/ARM_ws/install/firebot_arm_pkg/share/firebot_arm_pkg/urdf
symbolically linking /home/developer/ARM_ws/build/firebot_arm_pkg/urdf/montagem.trans -> /home/developer/ARM_ws/install/firebot_arm_pkg/share/firebot_arm_pkg/urdf
symbolically linking /home/developer/ARM_ws/build/firebot_arm_pkg/urdf/montagem.gazebo -> /home/developer/ARM_ws/install/firebot_arm_pkg/share/firebot_arm_pkg/urdf
symbolically linking /home/developer/ARM_ws/build/firebot_arm_pkg/urdf/materials.xacro -> /home/developer/ARM_ws/install/firebot_arm_pkg/share/firebot_arm_pkg/urdf
symbolically linking /home/developer/ARM_ws/build/firebot_arm_pkg/urdf/montagem.control.xacro -> /home/developer/ARM_ws/install/firebot_arm_pkg/share/firebot_arm_pkg/urdf
symbolically linking /home/developer/ARM_ws/build/firebot_arm_pkg/meshes/base_link.stl -> /home/developer/ARM_ws/install/firebot_arm_pkg/share/firebot_arm_pkg/meshes
symbolically linking /home/developer/ARM_ws/build/firebot_arm_pkg/meshes/linkvertical1_1.stl -> /home/developer/ARM_ws/install/firebot_arm_pkg/share/firebot_arm_pkg/meshes
symbolically linking /home/developer/ARM_ws/build/firebot_arm_pkg/meshes/linkhorizontal1_1.stl -> /home/developer/ARM_ws/install/firebot_arm_pkg/share/firebot_arm_pkg/meshes
symbolically linking /home/developer/ARM_ws/build/firebot_arm_pkg/meshes/linkvertical2_1.stl -> /home/developer/ARM_ws/install/firebot_arm_pkg/share/firebot_arm_pkg/meshes
