running egg_info
creating ../../build/firebot_arm_pkg/firebot_arm_pkg.egg-info
writing ../../build/firebot_arm_pkg/firebot_arm_pkg.egg-info/PKG-INFO
writing dependency_links to ../../build/firebot_arm_pkg/firebot_arm_pkg.egg-info/dependency_links.txt
writing entry points to ../../build/firebot_arm_pkg/firebot_arm_pkg.egg-info/entry_points.txt
writing requirements to ../../build/firebot_arm_pkg/firebot_arm_pkg.egg-info/requires.txt
writing top-level names to ../../build/firebot_arm_pkg/firebot_arm_pkg.egg-info/top_level.txt
writing manifest file '../../build/firebot_arm_pkg/firebot_arm_pkg.egg-info/SOURCES.txt'
reading manifest file '../../build/firebot_arm_pkg/firebot_arm_pkg.egg-info/SOURCES.txt'
writing manifest file '../../build/firebot_arm_pkg/firebot_arm_pkg.egg-info/SOURCES.txt'
running build
running build_scripts
creating /home/developer/ARM_ws/build/firebot_arm_pkg/build
creating /home/developer/ARM_ws/build/firebot_arm_pkg/build/scripts-3.10
copying scripts/direct_kinematics.py -> /home/developer/ARM_ws/build/firebot_arm_pkg/build/scripts-3.10
copying scripts/inverse_kinematics.py -> /home/developer/ARM_ws/build/firebot_arm_pkg/build/scripts-3.10
changing mode of /home/developer/ARM_ws/build/firebot_arm_pkg/build/scripts-3.10/direct_kinematics.py from 644 to 755
changing mode of /home/developer/ARM_ws/build/firebot_arm_pkg/build/scripts-3.10/inverse_kinematics.py from 644 to 755
running install
running install_data
creating /home/developer/ARM_ws/install/firebot_arm_pkg/share/ament_index
creating /home/developer/ARM_ws/install/firebot_arm_pkg/share/ament_index/resource_index
creating /home/developer/ARM_ws/install/firebot_arm_pkg/share/ament_index/resource_index/packages
copying resource/firebot_arm_pkg -> /home/developer/ARM_ws/install/firebot_arm_pkg/share/ament_index/resource_index/packages
copying package.xml -> /home/developer/ARM_ws/install/firebot_arm_pkg/share/firebot_arm_pkg
creating /home/developer/ARM_ws/install/firebot_arm_pkg/share/firebot_arm_pkg/launch
copying launch/display.launch.py -> /home/developer/ARM_ws/install/firebot_arm_pkg/share/firebot_arm_pkg/launch
copying launch/gazebo.launch.py -> /home/developer/ARM_ws/install/firebot_arm_pkg/share/firebot_arm_pkg/launch
creating /home/developer/ARM_ws/install/firebot_arm_pkg/share/firebot_arm_pkg/config
copying config/display.rviz -> /home/developer/ARM_ws/install/firebot_arm_pkg/share/firebot_arm_pkg/config
copying config/controllers.yaml -> /home/developer/ARM_ws/install/firebot_arm_pkg/share/firebot_arm_pkg/config
creating /home/developer/ARM_ws/install/firebot_arm_pkg/share/firebot_arm_pkg/urdf
copying urdf/montagem.xacro -> /home/developer/ARM_ws/install/firebot_arm_pkg/share/firebot_arm_pkg/urdf
copying urdf/montagem.trans -> /home/developer/ARM_ws/install/firebot_arm_pkg/share/firebot_arm_pkg/urdf
copying urdf/montagem.gazebo -> /home/developer/ARM_ws/install/firebot_arm_pkg/share/firebot_arm_pkg/urdf
copying urdf/materials.xacro -> /home/developer/ARM_ws/install/firebot_arm_pkg/share/firebot_arm_pkg/urdf
copying urdf/montagem.control.xacro -> /home/developer/ARM_ws/install/firebot_arm_pkg/share/firebot_arm_pkg/urdf
creating /home/developer/ARM_ws/install/firebot_arm_pkg/share/firebot_arm_pkg/meshes
copying meshes/base_link.stl -> /home/developer/ARM_ws/install/firebot_arm_pkg/share/firebot_arm_pkg/meshes
copying meshes/linkvertical1_1.stl -> /home/developer/ARM_ws/install/firebot_arm_pkg/share/firebot_arm_pkg/meshes
copying meshes/linkhorizontal1_1.stl -> /home/developer/ARM_ws/install/firebot_arm_pkg/share/firebot_arm_pkg/meshes
copying meshes/linkvertical2_1.stl -> /home/developer/ARM_ws/install/firebot_arm_pkg/share/firebot_arm_pkg/meshes
running install_egg_info
Copying ../../build/firebot_arm_pkg/firebot_arm_pkg.egg-info to /home/developer/ARM_ws/install/firebot_arm_pkg/lib/python3.10/site-packages/firebot_arm_pkg-0.0.1-py3.10.egg-info
running install_scripts
creating /home/developer/ARM_ws/install/firebot_arm_pkg/lib/firebot_arm_pkg
copying /home/developer/ARM_ws/build/firebot_arm_pkg/build/scripts-3.10/direct_kinematics.py -> /home/developer/ARM_ws/install/firebot_arm_pkg/lib/firebot_arm_pkg
copying /home/developer/ARM_ws/build/firebot_arm_pkg/build/scripts-3.10/inverse_kinematics.py -> /home/developer/ARM_ws/install/firebot_arm_pkg/lib/firebot_arm_pkg
changing mode of /home/developer/ARM_ws/install/firebot_arm_pkg/lib/firebot_arm_pkg/direct_kinematics.py to 755
changing mode of /home/developer/ARM_ws/install/firebot_arm_pkg/lib/firebot_arm_pkg/inverse_kinematics.py to 755
Installing direct_kinematics script to /home/developer/ARM_ws/install/firebot_arm_pkg/lib/firebot_arm_pkg
Installing inverse_kinematics script to /home/developer/ARM_ws/install/firebot_arm_pkg/lib/firebot_arm_pkg
writing list of installed files to '/home/developer/ARM_ws/build/firebot_arm_pkg/install.log'
