[0.509s] Invoking command in '/home/developer/ARM_ws/src/firebot_arm_pkg': PYTHONPATH=/home/developer/ARM_ws/build/firebot_arm_pkg/prefix_override:/usr/lib/python3/dist-packages/colcon_core/task/python/colcon_distutils_commands:/home/developer/ARM_ws/install/firebot_arm_pkg/lib/python3.10/site-packages:${PYTHONPATH} /usr/bin/python3 -W ignore:setup.py install is deprecated setup.py egg_info --egg-base ../../build/firebot_arm_pkg build --build-base /home/developer/ARM_ws/build/firebot_arm_pkg/build install --record /home/developer/ARM_ws/build/firebot_arm_pkg/install.log --single-version-externally-managed install_data
[0.695s] running egg_info
[0.696s] creating ../../build/firebot_arm_pkg/firebot_arm_pkg.egg-info
[0.696s] writing ../../build/firebot_arm_pkg/firebot_arm_pkg.egg-info/PKG-INFO
[0.696s] writing dependency_links to ../../build/firebot_arm_pkg/firebot_arm_pkg.egg-info/dependency_links.txt
[0.696s] writing entry points to ../../build/firebot_arm_pkg/firebot_arm_pkg.egg-info/entry_points.txt
[0.696s] writing requirements to ../../build/firebot_arm_pkg/firebot_arm_pkg.egg-info/requires.txt
[0.696s] writing top-level names to ../../build/firebot_arm_pkg/firebot_arm_pkg.egg-info/top_level.txt
[0.696s] writing manifest file '../../build/firebot_arm_pkg/firebot_arm_pkg.egg-info/SOURCES.txt'
[0.697s] reading manifest file '../../build/firebot_arm_pkg/firebot_arm_pkg.egg-info/SOURCES.txt'
[0.698s] writing manifest file '../../build/firebot_arm_pkg/firebot_arm_pkg.egg-info/SOURCES.txt'
[0.698s] running build
[0.698s] running build_scripts
[0.698s] creating /home/developer/ARM_ws/build/firebot_arm_pkg/build
[0.698s] creating /home/developer/ARM_ws/build/firebot_arm_pkg/build/scripts-3.10
[0.699s] copying scripts/direct_kinematics.py -> /home/developer/ARM_ws/build/firebot_arm_pkg/build/scripts-3.10
[0.699s] copying scripts/inverse_kinematics.py -> /home/developer/ARM_ws/build/firebot_arm_pkg/build/scripts-3.10
[0.699s] changing mode of /home/developer/ARM_ws/build/firebot_arm_pkg/build/scripts-3.10/direct_kinematics.py from 644 to 755
[0.699s] changing mode of /home/developer/ARM_ws/build/firebot_arm_pkg/build/scripts-3.10/inverse_kinematics.py from 644 to 755
[0.699s] running install
[0.699s] running install_data
[0.699s] creating /home/developer/ARM_ws/install/firebot_arm_pkg/share/ament_index
[0.699s] creating /home/developer/ARM_ws/install/firebot_arm_pkg/share/ament_index/resource_index
[0.699s] creating /home/developer/ARM_ws/install/firebot_arm_pkg/share/ament_index/resource_index/packages
[0.699s] copying resource/firebot_arm_pkg -> /home/developer/ARM_ws/install/firebot_arm_pkg/share/ament_index/resource_index/packages
[0.700s] copying package.xml -> /home/developer/ARM_ws/install/firebot_arm_pkg/share/firebot_arm_pkg
[0.700s] creating /home/developer/ARM_ws/install/firebot_arm_pkg/share/firebot_arm_pkg/launch
[0.700s] copying launch/display.launch.py -> /home/developer/ARM_ws/install/firebot_arm_pkg/share/firebot_arm_pkg/launch
[0.700s] copying launch/gazebo.launch.py -> /home/developer/ARM_ws/install/firebot_arm_pkg/share/firebot_arm_pkg/launch
[0.700s] creating /home/developer/ARM_ws/install/firebot_arm_pkg/share/firebot_arm_pkg/config
[0.700s] copying config/display.rviz -> /home/developer/ARM_ws/install/firebot_arm_pkg/share/firebot_arm_pkg/config
[0.700s] copying config/controllers.yaml -> /home/developer/ARM_ws/install/firebot_arm_pkg/share/firebot_arm_pkg/config
[0.700s] creating /home/developer/ARM_ws/install/firebot_arm_pkg/share/firebot_arm_pkg/urdf
[0.700s] copying urdf/montagem.xacro -> /home/developer/ARM_ws/install/firebot_arm_pkg/share/firebot_arm_pkg/urdf
[0.700s] copying urdf/montagem.trans -> /home/developer/ARM_ws/install/firebot_arm_pkg/share/firebot_arm_pkg/urdf
[0.700s] copying urdf/montagem.gazebo -> /home/developer/ARM_ws/install/firebot_arm_pkg/share/firebot_arm_pkg/urdf
[0.700s] copying urdf/materials.xacro -> /home/developer/ARM_ws/install/firebot_arm_pkg/share/firebot_arm_pkg/urdf
[0.701s] copying urdf/montagem.control.xacro -> /home/developer/ARM_ws/install/firebot_arm_pkg/share/firebot_arm_pkg/urdf
[0.701s] creating /home/developer/ARM_ws/install/firebot_arm_pkg/share/firebot_arm_pkg/meshes
[0.701s] copying meshes/base_link.stl -> /home/developer/ARM_ws/install/firebot_arm_pkg/share/firebot_arm_pkg/meshes
[0.701s] copying meshes/linkvertical1_1.stl -> /home/developer/ARM_ws/install/firebot_arm_pkg/share/firebot_arm_pkg/meshes
[0.701s] copying meshes/linkhorizontal1_1.stl -> /home/developer/ARM_ws/install/firebot_arm_pkg/share/firebot_arm_pkg/meshes
[0.701s] copying meshes/linkvertical2_1.stl -> /home/developer/ARM_ws/install/firebot_arm_pkg/share/firebot_arm_pkg/meshes
[0.701s] running install_egg_info
[0.704s] Copying ../../build/firebot_arm_pkg/firebot_arm_pkg.egg-info to /home/developer/ARM_ws/install/firebot_arm_pkg/lib/python3.10/site-packages/firebot_arm_pkg-0.0.1-py3.10.egg-info
[0.705s] running install_scripts
[0.721s] creating /home/developer/ARM_ws/install/firebot_arm_pkg/lib/firebot_arm_pkg
[0.721s] copying /home/developer/ARM_ws/build/firebot_arm_pkg/build/scripts-3.10/direct_kinematics.py -> /home/developer/ARM_ws/install/firebot_arm_pkg/lib/firebot_arm_pkg
[0.721s] copying /home/developer/ARM_ws/build/firebot_arm_pkg/build/scripts-3.10/inverse_kinematics.py -> /home/developer/ARM_ws/install/firebot_arm_pkg/lib/firebot_arm_pkg
[0.721s] changing mode of /home/developer/ARM_ws/install/firebot_arm_pkg/lib/firebot_arm_pkg/direct_kinematics.py to 755
[0.721s] changing mode of /home/developer/ARM_ws/install/firebot_arm_pkg/lib/firebot_arm_pkg/inverse_kinematics.py to 755
[0.722s] Installing direct_kinematics script to /home/developer/ARM_ws/install/firebot_arm_pkg/lib/firebot_arm_pkg
[0.722s] Installing inverse_kinematics script to /home/developer/ARM_ws/install/firebot_arm_pkg/lib/firebot_arm_pkg
[0.722s] writing list of installed files to '/home/developer/ARM_ws/build/firebot_arm_pkg/install.log'
[0.746s] Invoked command in '/home/developer/ARM_ws/src/firebot_arm_pkg' returned '0': PYTHONPATH=/home/developer/ARM_ws/build/firebot_arm_pkg/prefix_override:/usr/lib/python3/dist-packages/colcon_core/task/python/colcon_distutils_commands:/home/developer/ARM_ws/install/firebot_arm_pkg/lib/python3.10/site-packages:${PYTHONPATH} /usr/bin/python3 -W ignore:setup.py install is deprecated setup.py egg_info --egg-base ../../build/firebot_arm_pkg build --build-base /home/developer/ARM_ws/build/firebot_arm_pkg/build install --record /home/developer/ARM_ws/build/firebot_arm_pkg/install.log --single-version-externally-managed install_data
